<?xml version="1.0" encoding="UTF-8"?>
<testsuite xmlns:xsi="http://www.w3.org/2001/XMLSchema-instance" xsi:noNamespaceSchemaLocation="https://maven.apache.org/surefire/maven-surefire-plugin/xsd/surefire-test-report.xsd" name="ru.netology.stats.StatsServiceTest" time="0.016" tests="6" errors="0" skipped="0" failures="0">
  <properties>
[...]
</properties>
  <testcase name="shouldAboveAvg" classname="ru.netology.stats.StatsServiceTest" time="0.016"/>
  <testcase name="shouldBelowAvg" classname="ru.netology.stats.StatsServiceTest" time="0"/>
  <testcase name="shouldSalesAvg" classname="ru.netology.stats.StatsServiceTest" time="0"/>
  <testcase name="shouldSalesMax" classname="ru.netology.stats.StatsServiceTest" time="0"/>
  <testcase name="shouldSalesMin" classname="ru.netology.stats.StatsServiceTest" time="0"/>
  <testcase name="shouldSalesSum" classname="ru.netology.stats.StatsServiceTest" time="0"/>
</testsuite>